0 info it worked if it ends with ok
1 verbose cli [ '/usr/local/bin/node',
1 verbose cli   '/usr/local/bin/npm',
1 verbose cli   'install',
1 verbose cli   '-g',
1 verbose cli   'node-inspector' ]
2 info using npm@1.4.28
3 info using node@v0.10.36
4 verbose cache add [ 'node-inspector', null ]
5 verbose cache add name=undefined spec="node-inspector" args=["node-inspector",null]
6 verbose parsed url { protocol: null,
6 verbose parsed url   slashes: null,
6 verbose parsed url   auth: null,
6 verbose parsed url   host: null,
6 verbose parsed url   port: null,
6 verbose parsed url   hostname: null,
6 verbose parsed url   hash: null,
6 verbose parsed url   search: null,
6 verbose parsed url   query: null,
6 verbose parsed url   pathname: 'node-inspector',
6 verbose parsed url   path: 'node-inspector',
6 verbose parsed url   href: 'node-inspector' }
7 silly lockFile 4198ef9e-node-inspector node-inspector
8 verbose lock node-inspector /Users/jamielawrence/.npm/4198ef9e-node-inspector.lock
9 silly lockFile 4198ef9e-node-inspector node-inspector
10 silly lockFile 4198ef9e-node-inspector node-inspector
11 verbose addNamed [ 'node-inspector', '' ]
12 verbose addNamed [ null, '*' ]
13 silly lockFile e68b88da-node-inspector node-inspector@
14 verbose lock node-inspector@ /Users/jamielawrence/.npm/e68b88da-node-inspector.lock
15 silly addNameRange { name: 'node-inspector', range: '*', hasData: false }
16 verbose request where is /node-inspector
17 verbose request registry https://registry.npmjs.org/
18 verbose request id baeb4807fa19d66e
19 verbose url raw /node-inspector
20 verbose url resolving [ 'https://registry.npmjs.org/', './node-inspector' ]
21 verbose url resolved https://registry.npmjs.org/node-inspector
22 verbose request where is https://registry.npmjs.org/node-inspector
23 info trying registry request attempt 1 at 10:48:43
24 http GET https://registry.npmjs.org/node-inspector
25 http 200 https://registry.npmjs.org/node-inspector
26 silly registry.get cb [ 200,
26 silly registry.get   { server: 'CouchDB/1.5.0 (Erlang OTP/R16B03)',
26 silly registry.get     etag: '"C5TN7II49M9TC5BAFV5ZMIOG4"',
26 silly registry.get     'content-type': 'application/json',
26 silly registry.get     'cache-control': 'max-age=60',
26 silly registry.get     'content-length': '109570',
26 silly registry.get     'accept-ranges': 'bytes',
26 silly registry.get     date: 'Thu, 18 Jun 2015 09:48:43 GMT',
26 silly registry.get     via: '1.1 varnish',
26 silly registry.get     age: '0',
26 silly registry.get     connection: 'keep-alive',
26 silly registry.get     'x-served-by': 'cache-lhr6324-LHR',
26 silly registry.get     'x-cache': 'HIT',
26 silly registry.get     'x-cache-hits': '1',
26 silly registry.get     'x-timer': 'S1434620923.485589,VS0,VE356',
26 silly registry.get     vary: 'Accept' } ]
27 silly addNameRange number 2 { name: 'node-inspector', range: '*', hasData: true }
28 silly addNameRange versions [ 'node-inspector',
28 silly addNameRange   [ '0.0.1',
28 silly addNameRange     '0.0.2',
28 silly addNameRange     '0.0.3',
28 silly addNameRange     '0.0.4',
28 silly addNameRange     '0.1.0',
28 silly addNameRange     '0.1.1',
28 silly addNameRange     '0.1.2',
28 silly addNameRange     '0.1.3',
28 silly addNameRange     '0.1.4',
28 silly addNameRange     '0.1.5',
28 silly addNameRange     '0.1.6',
28 silly addNameRange     '0.1.7',
28 silly addNameRange     '0.1.8',
28 silly addNameRange     '0.1.9',
28 silly addNameRange     '0.1.10',
28 silly addNameRange     '0.3.0',
28 silly addNameRange     '0.3.1',
28 silly addNameRange     '0.3.2',
28 silly addNameRange     '0.3.3',
28 silly addNameRange     '0.3.4',
28 silly addNameRange     '0.4.0',
28 silly addNameRange     '0.5.0',
28 silly addNameRange     '0.6.0',
28 silly addNameRange     '0.6.1',
28 silly addNameRange     '0.6.2',
28 silly addNameRange     '0.7.0-1',
28 silly addNameRange     '0.2.0-beta1',
28 silly addNameRange     '0.2.0-beta2',
28 silly addNameRange     '0.2.0-beta3',
28 silly addNameRange     '0.2.0-beta4',
28 silly addNameRange     '0.3.0-preview1',
28 silly addNameRange     '0.7.0-2',
28 silly addNameRange     '0.7.0',
28 silly addNameRange     '0.7.1',
28 silly addNameRange     '0.7.2',
28 silly addNameRange     '0.7.3',
28 silly addNameRange     '0.7.4',
28 silly addNameRange     '0.8.0',
28 silly addNameRange     '0.8.1',
28 silly addNameRange     '0.8.3',
28 silly addNameRange     '0.9.0',
28 silly addNameRange     '0.9.1',
28 silly addNameRange     '0.9.2',
28 silly addNameRange     '0.10.0',
28 silly addNameRange     '0.10.1',
28 silly addNameRange     '0.10.2' ] ]
29 verbose addNamed [ 'node-inspector', '0.10.2' ]
30 verbose addNamed [ '0.10.2', '0.10.2' ]
31 silly lockFile 92789759-node-inspector-0-10-2 node-inspector@0.10.2
32 verbose lock node-inspector@0.10.2 /Users/jamielawrence/.npm/92789759-node-inspector-0-10-2.lock
33 silly lockFile 8bc254f4-pector-node-inspector-0-10-2-tgz https://registry.npmjs.org/node-inspector/-/node-inspector-0.10.2.tgz
34 verbose lock https://registry.npmjs.org/node-inspector/-/node-inspector-0.10.2.tgz /Users/jamielawrence/.npm/8bc254f4-pector-node-inspector-0-10-2-tgz.lock
35 verbose addRemoteTarball [ 'https://registry.npmjs.org/node-inspector/-/node-inspector-0.10.2.tgz',
35 verbose addRemoteTarball   'ba6c0aa0e54bbcc35b4835ddccc80cd6c510b709' ]
36 info retry fetch attempt 1 at 10:48:44
37 verbose fetch to= /var/folders/wd/1gvyykzs39v5l2k15h31csq00000gn/T/npm-40322-7nElWXka/registry.npmjs.org/node-inspector/-/node-inspector-0.10.2.tgz
38 http GET https://registry.npmjs.org/node-inspector/-/node-inspector-0.10.2.tgz
39 http 200 https://registry.npmjs.org/node-inspector/-/node-inspector-0.10.2.tgz
40 silly lockFile 8bc254f4-pector-node-inspector-0-10-2-tgz https://registry.npmjs.org/node-inspector/-/node-inspector-0.10.2.tgz
41 silly lockFile 8bc254f4-pector-node-inspector-0-10-2-tgz https://registry.npmjs.org/node-inspector/-/node-inspector-0.10.2.tgz
42 silly lockFile 92789759-node-inspector-0-10-2 node-inspector@0.10.2
43 silly lockFile 92789759-node-inspector-0-10-2 node-inspector@0.10.2
44 silly lockFile e68b88da-node-inspector node-inspector@
45 silly lockFile e68b88da-node-inspector node-inspector@
46 silly resolved [ { name: 'node-inspector',
46 silly resolved     version: '0.10.2',
46 silly resolved     description: 'Web Inspector based nodeJS debugger',
46 silly resolved     homepage: 'http://github.com/node-inspector/node-inspector',
46 silly resolved     author: { name: 'Danny Coates', email: 'dannycoates@gmail.com' },
46 silly resolved     keywords: [ 'debug', 'debugger', 'inspector', 'profiler' ],
46 silly resolved     repository:
46 silly resolved      { type: 'git',
46 silly resolved        url: 'http://github.com/node-inspector/node-inspector.git' },
46 silly resolved     engines: { node: '>=0.8.0' },
46 silly resolved     bin:
46 silly resolved      { 'node-inspector': './bin/inspector.js',
46 silly resolved        'node-debug': './bin/node-debug.js' },
46 silly resolved     dependencies:
46 silly resolved      { async: '~0.9',
46 silly resolved        'biased-opener': '~0.2.2',
46 silly resolved        debug: '^2.2.0',
46 silly resolved        express: '^4.12.3',
46 silly resolved        glob: '^5.0.5',
46 silly resolved        rc: '^1.0.1',
46 silly resolved        semver: '^4.3.4',
46 silly resolved        'serve-favicon': '^2.1.1',
46 silly resolved        'strong-data-uri': '^1.0.0',
46 silly resolved        'v8-debug': '~0.4.2',
46 silly resolved        'v8-profiler': '~5.2.4',
46 silly resolved        which: '^1.1.1',
46 silly resolved        ws: '^0.7.1',
46 silly resolved        yargs: '^3.9.0' },
46 silly resolved     devDependencies:
46 silly resolved      { mocha: '^1.21',
46 silly resolved        chai: '^1.9',
46 silly resolved        jshint: '^2.4.4',
46 silly resolved        'fs-extra': '~0.8.1' },
46 silly resolved     preferGlobal: true,
46 silly resolved     scripts:
46 silly resolved      { pretest: 'jshint .',
46 silly resolved        test: 'mocha',
46 silly resolved        'generate-front-end': 'node --harmony tools/generate-front-end' },
46 silly resolved     contributors:
46 silly resolved      [ [Object],
46 silly resolved        [Object],
46 silly resolved        [Object],
46 silly resolved        [Object],
46 silly resolved        [Object],
46 silly resolved        [Object],
46 silly resolved        [Object],
46 silly resolved        [Object],
46 silly resolved        [Object],
46 silly resolved        [Object],
46 silly resolved        [Object],
46 silly resolved        [Object],
46 silly resolved        [Object],
46 silly resolved        [Object],
46 silly resolved        [Object],
46 silly resolved        [Object],
46 silly resolved        [Object],
46 silly resolved        [Object],
46 silly resolved        [Object],
46 silly resolved        [Object],
46 silly resolved        [Object],
46 silly resolved        [Object],
46 silly resolved        [Object],
46 silly resolved        [Object],
46 silly resolved        [Object],
46 silly resolved        [Object],
46 silly resolved        [Object],
46 silly resolved        [Object],
46 silly resolved        [Object],
46 silly resolved        [Object],
46 silly resolved        [Object] ],
46 silly resolved     gitHead: '2e7ec462461da171aaa7e78e1587adc8402927e7',
46 silly resolved     bugs: { url: 'https://github.com/node-inspector/node-inspector/issues' },
46 silly resolved     _id: 'node-inspector@0.10.2',
46 silly resolved     _shasum: 'ba6c0aa0e54bbcc35b4835ddccc80cd6c510b709',
46 silly resolved     _from: 'node-inspector@',
46 silly resolved     _npmVersion: '2.5.1',
46 silly resolved     _nodeVersion: '2.3.0',
46 silly resolved     _npmUser: { name: '3y3', email: '3y3@bk.ru' },
46 silly resolved     dist:
46 silly resolved      { shasum: 'ba6c0aa0e54bbcc35b4835ddccc80cd6c510b709',
46 silly resolved        tarball: 'http://registry.npmjs.org/node-inspector/-/node-inspector-0.10.2.tgz' },
46 silly resolved     maintainers: [ [Object], [Object], [Object], [Object], [Object] ],
46 silly resolved     directories: {},
46 silly resolved     _resolved: 'https://registry.npmjs.org/node-inspector/-/node-inspector-0.10.2.tgz' } ]
47 info install node-inspector@0.10.2 into /usr/local/lib
48 info installOne node-inspector@0.10.2
49 verbose lib/node_modules/node-inspector unbuild
50 verbose tar unpack /Users/jamielawrence/.npm/node-inspector/0.10.2/package.tgz
51 silly lockFile 6e6fbd08--lib-node-modules-node-inspector tar:///usr/local/lib/node_modules/node-inspector
52 verbose lock tar:///usr/local/lib/node_modules/node-inspector /Users/jamielawrence/.npm/6e6fbd08--lib-node-modules-node-inspector.lock
53 silly lockFile eff24705-ode-inspector-0-10-2-package-tgz tar:///Users/jamielawrence/.npm/node-inspector/0.10.2/package.tgz
54 verbose lock tar:///Users/jamielawrence/.npm/node-inspector/0.10.2/package.tgz /Users/jamielawrence/.npm/eff24705-ode-inspector-0-10-2-package-tgz.lock
55 silly gunzTarPerm modes [ '755', '644' ]
56 error Error: EACCES, mkdir '/usr/local/lib/node_modules/node-inspector'
56 error  { [Error: EACCES, mkdir '/usr/local/lib/node_modules/node-inspector']
56 error   errno: 3,
56 error   code: 'EACCES',
56 error   path: '/usr/local/lib/node_modules/node-inspector',
56 error   fstream_type: 'Directory',
56 error   fstream_path: '/usr/local/lib/node_modules/node-inspector',
56 error   fstream_class: 'DirWriter',
56 error   fstream_stack:
56 error    [ '/usr/local/lib/node_modules/npm/node_modules/fstream/lib/dir-writer.js:36:23',
56 error      '/usr/local/lib/node_modules/npm/node_modules/mkdirp/index.js:46:53',
56 error      'Object.oncomplete (fs.js:108:15)' ] }
57 error Please try running this command again as root/Administrator.
58 error System Darwin 14.1.0
59 error command "/usr/local/bin/node" "/usr/local/bin/npm" "install" "-g" "node-inspector"
60 error cwd /Users/jamielawrence/Documents/Websites/_Node/Gigster
61 error node -v v0.10.36
62 error npm -v 1.4.28
63 error path /usr/local/lib/node_modules/node-inspector
64 error fstream_path /usr/local/lib/node_modules/node-inspector
65 error fstream_type Directory
66 error fstream_class DirWriter
67 error code EACCES
68 error errno 3
69 error stack Error: EACCES, mkdir '/usr/local/lib/node_modules/node-inspector'
70 error fstream_stack /usr/local/lib/node_modules/npm/node_modules/fstream/lib/dir-writer.js:36:23
70 error fstream_stack /usr/local/lib/node_modules/npm/node_modules/mkdirp/index.js:46:53
70 error fstream_stack Object.oncomplete (fs.js:108:15)
71 verbose exit [ 3, true ]
